[15:17:34] [ServerMain/INFO]: [bootstrap] Running Java 21 (OpenJDK 64-Bit Server VM 21.0.8+9-Ubuntu-0ubuntu124.04.1; Ubuntu null) on Linux 6.8.0-71-generic (amd64)
[15:17:34] [ServerMain/INFO]: [bootstrap] Loading Paper 1.21.4-232-ver/1.21.4@12d8fe0 (2025-06-09T10:15:42Z) for Minecraft 1.21.4
[15:17:36] [ServerMain/INFO]: [PluginInitializerManager] Initializing plugins...
[15:17:36] [Paper Plugin Remapper Thread - 2/INFO]: [PluginRemapper] Remapping plugin '/home/turbo/Documents/TeamTP/build/libs/PrismTeams-1.0.jar'...
[15:17:36] [Paper Plugin Remapper Thread - 2/INFO]: [PluginRemapper] Done remapping plugin '/home/turbo/Documents/TeamTP/build/libs/PrismTeams-1.0.jar' in 399ms.
[15:17:36] [ServerMain/INFO]: [PluginInitializerManager] Initialized 1 plugin
[15:17:36] [ServerMain/INFO]: [PluginInitializerManager] Bukkit plugins (1):
 - PrismTeams (1.0)
[15:17:40] [ServerMain/INFO]: Environment: Environment[sessionHost=https://sessionserver.mojang.com, servicesHost=https://api.minecraftservices.com, name=PROD]
[15:17:42] [ServerMain/INFO]: Loaded 1370 recipes
[15:17:42] [ServerMain/INFO]: Loaded 1481 advancements
[15:17:42] [ServerMain/INFO]: [MCTypeRegistry] Initialising converters for DataConverter...
[15:17:42] [ServerMain/INFO]: [MCTypeRegistry] Finished initialising converters for DataConverter in 183.2ms
[15:17:42] [Server thread/INFO]: Starting minecraft server version 1.21.4
[15:17:42] [Server thread/INFO]: Loading properties
[15:17:42] [Server thread/INFO]: This server is running Paper version 1.21.4-232-ver/1.21.4@12d8fe0 (2025-06-09T10:15:42Z) (Implementing API version 1.21.4-R0.1-SNAPSHOT)
[15:17:42] [Server thread/INFO]: [spark] This server bundles the spark profiler. For more information please visit https://docs.papermc.io/paper/profiling
[15:17:42] [Server thread/INFO]: Server Ping Player Sample Count: 12
[15:17:42] [Server thread/INFO]: Using 4 threads for Netty based IO
[15:17:43] [Server thread/INFO]: [MoonriseCommon] Paper is using 4 worker threads, 1 I/O threads
[15:17:43] [Server thread/INFO]: [ChunkTaskScheduler] Chunk system is using population gen parallelism: true
[15:17:43] [Server thread/INFO]: Default game type: SURVIVAL
[15:17:43] [Server thread/INFO]: Generating keypair
[15:17:43] [Server thread/INFO]: Starting Minecraft server on *:25565
[15:17:43] [Server thread/INFO]: Using epoll channel type
[15:17:43] [Server thread/INFO]: Paper: Using libdeflate (Linux x86_64) compression from Velocity.
[15:17:43] [Server thread/INFO]: Paper: Using OpenSSL 3.x.x (Linux x86_64) cipher from Velocity.
[15:17:43] [Server thread/INFO]: [PrismTeams] Loading server plugin PrismTeams v1.0
[15:17:43] [Server thread/INFO]: Server permissions file permissions.yml is empty, ignoring it
[15:17:43] [Server thread/INFO]: Preparing level "world"
[15:17:44] [Server thread/INFO]: Preparing start region for dimension minecraft:overworld
[15:17:44] [Server thread/INFO]: Preparing spawn area: 0%
[15:17:44] [Server thread/INFO]: Preparing spawn area: 2%
[15:17:44] [Server thread/INFO]: Time elapsed: 649 ms
[15:17:44] [Server thread/INFO]: Preparing start region for dimension minecraft:the_nether
[15:17:44] [Server thread/INFO]: Preparing spawn area: 0%
[15:17:44] [Server thread/INFO]: Time elapsed: 74 ms
[15:17:44] [Server thread/INFO]: Preparing start region for dimension minecraft:the_end
[15:17:44] [Server thread/INFO]: Preparing spawn area: 0%
[15:17:44] [Server thread/INFO]: Time elapsed: 33 ms
[15:17:44] [Server thread/INFO]: [PrismTeams] Enabling PrismTeams v1.0
[15:17:44] [Server thread/INFO]: [spark] Starting background profiler...
[15:17:45] [Server thread/INFO]: Done preparing level "world" (1.378s)
[15:17:45] [Server thread/INFO]: Running delayed init tasks
[15:17:45] [Server thread/INFO]: Done (11.217s)! For help, type "help"
[15:17:48] [User Authenticator #0/INFO]: UUID of player TurboJax07 is 0d6cb875-ea9b-4996-810d-300050d5e7b0
[15:17:49] [Server thread/INFO]: TurboJax07 joined the game
[15:17:49] [Server thread/INFO]: TurboJax07[/127.0.0.1:37982] logged in with entity id 129 at ([world]-3.4116754726960843, 64.0, 31.89758458310455)
[15:17:58] [Server thread/INFO]: TurboJax07 issued server command: /pt freeze player TurboJax07
[15:18:13] [Server thread/INFO]: TurboJax07 issued server command: /pt unfreeze player TurboJax07
[15:18:18] [Server thread/INFO]: TurboOffline (/127.0.0.1:49680) lost connection: Disconnected
[15:19:07] [Server thread/INFO]: Stopping the server
[15:19:07] [Server thread/INFO]: Stopping server
[15:19:07] [Server thread/INFO]: [PrismTeams] Disabling PrismTeams v1.0
[15:19:07] [Server thread/INFO]: Saving players
[15:19:07] [Server thread/INFO]: TurboJax07 lost connection: Server closed
[15:19:07] [Server thread/INFO]: TurboJax07 left the game
[15:19:07] [Server thread/INFO]: Saving worlds
[15:19:07] [Server thread/INFO]: Saving chunks for level 'ServerLevel[world]'/minecraft:overworld
[15:19:07] [Server thread/INFO]: [ChunkHolderManager] Waiting 60s for chunk system to halt for world 'world'
[15:19:07] [Server thread/INFO]: [ChunkHolderManager] Halted chunk system for world 'world'
[15:19:07] [Server thread/INFO]: [ChunkHolderManager] Saving all chunkholders for world 'world'
[15:19:08] [Server thread/INFO]: [ChunkHolderManager] Saved 625 block chunks, 625 entity chunks, 0 poi chunks in world 'world' in 0.57s
[15:19:08] [Server thread/INFO]: [ChunkHolderManager] Waiting 60s for chunk I/O to halt for world 'world'
[15:19:08] [Server thread/INFO]: [ChunkHolderManager] Halted I/O scheduler for world 'world'
[15:19:08] [Server thread/INFO]: Saving chunks for level 'ServerLevel[world_nether]'/minecraft:the_nether
[15:19:08] [Server thread/INFO]: [ChunkHolderManager] Waiting 60s for chunk system to halt for world 'world_nether'
[15:19:08] [Server thread/INFO]: [ChunkHolderManager] Halted chunk system for world 'world_nether'
[15:19:08] [Server thread/INFO]: [ChunkHolderManager] Saving all chunkholders for world 'world_nether'
[15:19:08] [Server thread/INFO]: [ChunkHolderManager] Saved 49 block chunks, 49 entity chunks, 0 poi chunks in world 'world_nether' in 0.04s
[15:19:08] [Server thread/INFO]: [ChunkHolderManager] Waiting 60s for chunk I/O to halt for world 'world_nether'
[15:19:08] [Server thread/INFO]: [ChunkHolderManager] Halted I/O scheduler for world 'world_nether'
[15:19:08] [Server thread/INFO]: Saving chunks for level 'ServerLevel[world_the_end]'/minecraft:the_end
[15:19:08] [Server thread/INFO]: [ChunkHolderManager] Waiting 60s for chunk system to halt for world 'world_the_end'
[15:19:08] [Server thread/INFO]: [ChunkHolderManager] Halted chunk system for world 'world_the_end'
[15:19:08] [Server thread/INFO]: [ChunkHolderManager] Saving all chunkholders for world 'world_the_end'
[15:19:08] [Server thread/INFO]: [ChunkHolderManager] Saved 49 block chunks, 49 entity chunks, 0 poi chunks in world 'world_the_end' in 0.02s
[15:19:08] [Server thread/INFO]: [ChunkHolderManager] Waiting 60s for chunk I/O to halt for world 'world_the_end'
[15:19:08] [Server thread/INFO]: [ChunkHolderManager] Halted I/O scheduler for world 'world_the_end'
[15:19:08] [Server thread/INFO]: ThreadedAnvilChunkStorage (world): All chunks are saved
[15:19:08] [Server thread/INFO]: ThreadedAnvilChunkStorage (DIM-1): All chunks are saved
[15:19:08] [Server thread/INFO]: ThreadedAnvilChunkStorage (DIM1): All chunks are saved
[15:19:08] [Server thread/INFO]: ThreadedAnvilChunkStorage: All dimensions are saved
[15:19:08] [Server thread/INFO]: Waiting for I/O tasks to complete...
[15:19:08] [Server thread/INFO]: All I/O tasks to complete
[15:19:08] [Server thread/INFO]: [MoonriseCommon] Awaiting termination of worker pool for up to 60s...
[15:19:08] [Server thread/INFO]: [MoonriseCommon] Awaiting termination of I/O pool for up to 60s...
